#
# A fatal error has been detected by the Java Runtime Environment:
#
#  SIGSEGV (0xb) at pc=0x00007f0efb6883f8, pid=15082, tid=139702216083200
#
# JRE version: 6.0_22-b22
# Java VM: OpenJDK 64-Bit Server VM (20.0-b11 mixed mode linux-amd64 compressed oops)
# Derivative: IcedTea6 1.10.2
# Distribution: Ubuntu 11.04, package 6b22-1.10.2-0ubuntu1~11.04.1
# Problematic frame:
# V  [libjvm.so+0x5ec3f8]  PhaseIdealLoop::build_loop_late_post(Node*)+0x158
#
# If you would like to submit a bug report, please include
# instructions how to reproduce the bug and visit:
#   https://bugs.launchpad.net/ubuntu/+source/openjdk-6/
#

---------------  T H R E A D  ---------------

Current thread (0x00007f0ef0057000):  JavaThread "C2 CompilerThread0" daemon [_thread_in_native, id=15090, stack(0x00007f0ef4e6c000,0x00007f0ef4f6d000)]

siginfo:si_signo=SIGSEGV: si_errno=0, si_code=1 (SEGV_MAPERR), si_addr=0x0000000000000008

Registers:
RAX=0x0000000000000000, RBX=0x00007f0ef4f69990, RCX=0x0000000000c7e980, RDX=0x0000000000002000
RSP=0x00007f0ef4f681b0, RBP=0x00007f0ef4f681f0, RSI=0x0000000001299c80, RDI=0x0000000000000000
R8 =0x0000000000c6e960, R9 =0x00007f0ef4f69990, R10=0x0000000001299c80, R11=0x0000000000000000
R12=0x0000000000e13760, R13=0x00007f0ee833aef8, R14=0x00007f0ef4f699b0, R15=0x0000000000ead8e8
RIP=0x00007f0efb6883f8, EFLAGS=0x0000000000010206, CSGSFS=0x0000000000000033, ERR=0x0000000000000004
  TRAPNO=0x000000000000000e

Top of Stack: (sp=0x00007f0ef4f681b0)
0x00007f0ef4f681b0:   0000000001680f78 00007f0ef4f68480
0x00007f0ef4f681c0:   00007f0ef4f681f0 00007f0ef4f69990
0x00007f0ef4f681d0:   0000000000000002 0000000000e13760
0x00007f0ef4f681e0:   0000000000eb51c8 00007f0ef4f68480
0x00007f0ef4f681f0:   00007f0ef4f68260 00007f0efb6889db
0x00007f0ef4f68200:   0000000000000001 0000000000000100
0x00007f0ef4f68210:   00007f0e00000001 00007f0ef4f6a330
0x00007f0ef4f68220:   00007f0ef4f68460 00007f0ef4f684c0
0x00007f0ef4f68230:   0000000000001804 00007f0ef4f69990
0x00007f0ef4f68240:   0000000000000001 0000000000000007
0x00007f0ef4f68250:   0000000000000001 0000000001546920
0x00007f0ef4f68260:   00007f0ef4f68510 00007f0efb689317
0x00007f0ef4f68270:   00000000e0ca1a38 00007f0efb831016
0x00007f0ef4f68280:   00007f0ef4f682d0 00000000015468b0
0x00007f0ef4f68290:   00007f0ef4f682e0 00007f0ef4f699b0
0x00007f0ef4f682a0:   00007f0ef4f682d0 0000000001037800
0x00007f0ef4f682b0:   00007f0efbc7f8a0 00000000e0ca1a38
0x00007f0ef4f682c0:   00007f0ef4f68310 00007f0efb705c07
0x00007f0ef4f682d0:   00007f0ef4f682f0 00007f0efb705167
0x00007f0ef4f682e0:   00007f0ef4f68310 0000000000000000
0x00007f0ef4f682f0:   00007f0ef4f68310 000000000000e4a0
0x00007f0ef4f68300:   000000000001e4c0 00007f0ef4f68340
0x00007f0ef4f68310:   00007f0ef4f68330 00007f0efb526605
0x00007f0ef4f68320:   000000000161a7d0 0000000000edbab0
0x00007f0ef4f68330:   0000000000e7e510 00000000f4f68f80
0x00007f0ef4f68340:   00007f0ef4f683a0 0000000000eaf3b0
0x00007f0ef4f68350:   0000000000edbb60 00007f0efc0441c0
0x00007f0ef4f68360:   00007f0ef4f683f0 0000000000010010
0x00007f0ef4f68370:   0000000001714bb0 0000000000010000
0x00007f0ef4f68380:   00000000017161c8 00000000000064b0
0x00007f0ef4f68390:   000000000000e4a0 00007f0ef4f683d0
0x00007f0ef4f683a0:   00007f0ef4f683c0 00007f0efb3c5741 

Instructions: (pc=0x00007f0efb6883f8)
0x00007f0efb6883d8:   84 d8 03 00 00 8b 70 28 49 89 c7 0f 1f 44 00 00
0x00007f0efb6883e8:   4c 8b 93 e0 09 00 00 89 f6 49 8d 34 f2 48 8b 06
0x00007f0efb6883f8:   48 8b 50 08 48 83 3a 00 75 27 8b 4b 28 0f 1f 00
0x00007f0efb688408:   8b 50 28 31 c0 39 ca 73 0e 48 8b 43 30 89 d2 48 

Register to memory mapping:

RAX=0x0000000000000000 is an unknown value
RBX=0x00007f0ef4f69990 is pointing into the stack for thread: 0x00007f0ef0057000
RCX=0x0000000000c7e980 is an unknown value
RDX=0x0000000000002000 is an unknown value
RSP=0x00007f0ef4f681b0 is pointing into the stack for thread: 0x00007f0ef0057000
RBP=0x00007f0ef4f681f0 is pointing into the stack for thread: 0x00007f0ef0057000
RSI=0x0000000001299c80 is an unknown value
RDI=0x0000000000000000 is an unknown value
R8 =0x0000000000c6e960 is an unknown value
R9 =0x00007f0ef4f69990 is pointing into the stack for thread: 0x00007f0ef0057000
R10=0x0000000001299c80 is an unknown value
R11=0x0000000000000000 is an unknown value
R12=0x0000000000e13760 is an unknown value
R13=0x00007f0ee833aef8 is an unknown value
R14=0x00007f0ef4f699b0 is pointing into the stack for thread: 0x00007f0ef0057000
R15=0x0000000000ead8e8 is an unknown value


Stack: [0x00007f0ef4e6c000,0x00007f0ef4f6d000],  sp=0x00007f0ef4f681b0,  free space=1008k
Native frames: (J=compiled Java code, j=interpreted, Vv=VM code, C=native code)
V  [libjvm.so+0x5ec3f8]  PhaseIdealLoop::build_loop_late_post(Node*)+0x158
V  [libjvm.so+0x5ec9db]  PhaseIdealLoop::build_loop_late(VectorSet&, Node_List&, Node_Stack&)+0x10b
V  [libjvm.so+0x5ed317]  PhaseIdealLoop::build_and_optimize(bool, bool)+0x757
V  [libjvm.so+0x3929b5]  Compile::Optimize()+0xdc5
V  [libjvm.so+0x393649]  Compile::Compile(ciEnv*, C2Compiler*, ciMethod*, int, bool, bool)+0xae9
V  [libjvm.so+0x319a20]  C2Compiler::compile_method(ciEnv*, ciMethod*, int)+0xe0
V  [libjvm.so+0x397f24]  CompileBroker::invoke_compiler_on_method(CompileTask*)+0x294
V  [libjvm.so+0x398771]  CompileBroker::compiler_thread_loop()+0x381
V  [libjvm.so+0x793618]  JavaThread::thread_main_inner()+0x58
V  [libjvm.so+0x686c02]  java_start(Thread*)+0x112


Current CompileTask:
C2:73984620 1026      jregex.Pretokenizer.next()V (1064 bytes)


---------------  P R O C E S S  ---------------

Java Threads: ( => current thread )
  0x00007f0ee8149000 JavaThread "net.sf.ehcache.CacheManager@49675d6" daemon [_thread_blocked, id=17434, stack(0x00007f0ef4163000,0x00007f0ef4264000)]
  0x00007f0ef05b6800 JavaThread "New I/O server worker #1-3" [_thread_in_native, id=17372, stack(0x00007f0eef8f4000,0x00007f0eef9f5000)]
  0x00007f0ef0278000 JavaThread "com.mchange.v2.async.ThreadPoolAsynchronousRunner$PoolThread-#2" daemon [_thread_blocked, id=15101, stack(0x00007f0eefaf6000,0x00007f0eefbf7000)]
  0x00007f0ef0c8e000 JavaThread "com.mchange.v2.async.ThreadPoolAsynchronousRunner$PoolThread-#1" daemon [_thread_blocked, id=15100, stack(0x00007f0eefbf7000,0x00007f0eefcf8000)]
  0x00007f0ef0b7f800 JavaThread "com.mchange.v2.async.ThreadPoolAsynchronousRunner$PoolThread-#0" daemon [_thread_blocked, id=15099, stack(0x00007f0eefcf8000,0x00007f0eefdf9000)]
  0x00007f0ef0808800 JavaThread "Timer-0" daemon [_thread_blocked, id=15098, stack(0x00007f0ef4062000,0x00007f0ef4163000)]
  0x0000000000cdf800 JavaThread "play-thread-1" [_thread_in_vm, id=15096, stack(0x00007f0ef4264000,0x00007f0ef4365000)]
  0x00007f0ef0941800 JavaThread "DestroyJavaVM" [_thread_blocked, id=15083, stack(0x00007f0efc992000,0x00007f0efca93000)]
  0x00007f0ef0941000 JavaThread "New I/O server boss #1 ([id: 0x6bd9e2c7, /0:0:0:0:0:0:0:0:9000])" [_thread_in_native, id=15094, stack(0x00007f0ef4466000,0x00007f0ef4567000)]
  0x00007f0ef005b800 JavaThread "Low Memory Detector" daemon [_thread_blocked, id=15092, stack(0x00007f0ef4c6a000,0x00007f0ef4d6b000)]
  0x00007f0ef0059000 JavaThread "C2 CompilerThread1" daemon [_thread_blocked, id=15091, stack(0x00007f0ef4d6b000,0x00007f0ef4e6c000)]
=>0x00007f0ef0057000 JavaThread "C2 CompilerThread0" daemon [_thread_in_native, id=15090, stack(0x00007f0ef4e6c000,0x00007f0ef4f6d000)]
  0x00007f0ef0054800 JavaThread "JDWP Event Helper Thread" daemon [_thread_blocked, id=15089, stack(0x00007f0ef4f6d000,0x00007f0ef506e000)]
  0x00007f0ef0051000 JavaThread "JDWP Transport Listener: dt_socket" daemon [_thread_in_native, id=15088, stack(0x00007f0ef506e000,0x00007f0ef516f000)]
  0x00007f0ef001f000 JavaThread "Signal Dispatcher" daemon [_thread_blocked, id=15087, stack(0x00007f0ef538c000,0x00007f0ef548d000)]
  0x00007f0ef0001000 JavaThread "Finalizer" daemon [_thread_blocked, id=15086, stack(0x00007f0ef548d000,0x00007f0ef558e000)]
  0x0000000000b99000 JavaThread "Reference Handler" daemon [_thread_blocked, id=15085, stack(0x00007f0ef558e000,0x00007f0ef568f000)]

Other Threads:
  0x0000000000b92000 VMThread [stack: 0x00007f0ef568f000,0x00007f0ef5790000] [id=15084]
  0x00007f0ef005f800 WatcherThread [stack: 0x00007f0ef4b69000,0x00007f0ef4c6a000] [id=15093]

VM state:not at safepoint (normal execution)

VM Mutex/Monitor currently owned by a thread:  ([mutex/lock_event])
[0x0000000000b2fae0] SystemDictionary_lock - owner thread: 0x0000000000000000
[0x0000000000b30d60] Compile_lock - owner thread: 0x0000000000cdf800

Heap
 def new generation   total 6272K, used 1369K [0x00000000d6600000, 0x00000000d6cc0000, 0x00000000e0ca0000)
  eden space 5632K,  16% used [0x00000000d6600000, 0x00000000d66e5cb0, 0x00000000d6b80000)
  from space 640K,  70% used [0x00000000d6b80000, 0x00000000d6bf0850, 0x00000000d6c20000)
  to   space 640K,   0% used [0x00000000d6c20000, 0x00000000d6c20000, 0x00000000d6cc0000)
 tenured generation   total 13692K, used 12061K [0x00000000e0ca0000, 0x00000000e19ff000, 0x00000000f5a00000)
   the space 13692K,  88% used [0x00000000e0ca0000, 0x00000000e18675e0, 0x00000000e1867600, 0x00000000e19ff000)
 compacting perm gen  total 51968K, used 51708K [0x00000000f5a00000, 0x00000000f8cc0000, 0x0000000100000000)
   the space 51968K,  99% used [0x00000000f5a00000, 0x00000000f8c7f248, 0x00000000f8c7f400, 0x00000000f8cc0000)
No shared spaces configured.

Code Cache  [0x00007f0ef5b9c000, 0x00007f0ef615c000, 0x00007f0ef8b9c000)
 total_blobs=1628 nmethods=977 adapters=612 free_code_cache=44482240 largest_free_block=71040

Dynamic libraries:
00400000-00409000 r-xp 00000000 08:05 546966                             /usr/lib/jvm/java-6-openjdk/jre/bin/java
00608000-00609000 r--p 00008000 08:05 546966                             /usr/lib/jvm/java-6-openjdk/jre/bin/java
00609000-0060a000 rw-p 00009000 08:05 546966                             /usr/lib/jvm/java-6-openjdk/jre/bin/java
00b23000-03aaa000 rw-p 00000000 00:00 0                                  [heap]
d6600000-d6cc0000 rw-p 00000000 00:00 0 
d6cc0000-e0ca0000 rw-p 00000000 00:00 0 
e0ca0000-e19ff000 rw-p 00000000 00:00 0 
e19ff000-f5a00000 rw-p 00000000 00:00 0 
f5a00000-f8cc0000 rw-p 00000000 00:00 0 
f8cc0000-100000000 rw-p 00000000 00:00 0 
7f0ee8000000-7f0ee8dda000 rw-p 00000000 00:00 0 
7f0ee8dda000-7f0eec000000 ---p 00000000 00:00 0 
7f0eef7f3000-7f0eef7f6000 ---p 00000000 00:00 0 
7f0eef7f6000-7f0eef8f4000 rw-p 00000000 00:00 0 
7f0eef8f4000-7f0eef8f7000 ---p 00000000 00:00 0 
7f0eef8f7000-7f0eef9f5000 rw-p 00000000 00:00 0 
7f0eef9f5000-7f0eef9f8000 ---p 00000000 00:00 0 
7f0eef9f8000-7f0eefaf6000 rw-p 00000000 00:00 0 
7f0eefaf6000-7f0eefaf9000 ---p 00000000 00:00 0 
7f0eefaf9000-7f0eefbf7000 rw-p 00000000 00:00 0 
7f0eefbf7000-7f0eefbfa000 ---p 00000000 00:00 0 
7f0eefbfa000-7f0eefcf8000 rw-p 00000000 00:00 0 
7f0eefcf8000-7f0eefcfb000 ---p 00000000 00:00 0 
7f0eefcfb000-7f0eefdf9000 rw-p 00000000 00:00 0 
7f0eefdf9000-7f0eefdff000 r-xp 00000000 08:05 547011                     /usr/lib/jvm/java-6-openjdk/jre/lib/amd64/libmanagement.so
7f0eefdff000-7f0eefffe000 ---p 00006000 08:05 547011                     /usr/lib/jvm/java-6-openjdk/jre/lib/amd64/libmanagement.so
7f0eefffe000-7f0eeffff000 r--p 00005000 08:05 547011                     /usr/lib/jvm/java-6-openjdk/jre/lib/amd64/libmanagement.so
7f0eeffff000-7f0ef0000000 rw-p 00006000 08:05 547011                     /usr/lib/jvm/java-6-openjdk/jre/lib/amd64/libmanagement.so
7f0ef0000000-7f0ef3858000 rw-p 00000000 00:00 0 
7f0ef3858000-7f0ef4000000 ---p 00000000 00:00 0 
7f0ef4062000-7f0ef4065000 ---p 00000000 00:00 0 
7f0ef4065000-7f0ef4163000 rw-p 00000000 00:00 0 
7f0ef4163000-7f0ef4166000 ---p 00000000 00:00 0 
7f0ef4166000-7f0ef4264000 rw-p 00000000 00:00 0 
7f0ef4264000-7f0ef4267000 ---p 00000000 00:00 0 
7f0ef4267000-7f0ef4365000 rw-p 00000000 00:00 0 
7f0ef4365000-7f0ef4368000 ---p 00000000 00:00 0 
7f0ef4368000-7f0ef4466000 rw-p 00000000 00:00 0 
7f0ef4466000-7f0ef4469000 ---p 00000000 00:00 0 
7f0ef4469000-7f0ef4567000 rw-p 00000000 00:00 0 
7f0ef4567000-7f0ef456f000 r-xp 00000000 08:05 546975                     /usr/lib/jvm/java-6-openjdk/jre/lib/amd64/libnio.so
7f0ef456f000-7f0ef476e000 ---p 00008000 08:05 546975                     /usr/lib/jvm/java-6-openjdk/jre/lib/amd64/libnio.so
7f0ef476e000-7f0ef476f000 r--p 00007000 08:05 546975                     /usr/lib/jvm/java-6-openjdk/jre/lib/amd64/libnio.so
7f0ef476f000-7f0ef4770000 rw-p 00008000 08:05 546975                     /usr/lib/jvm/java-6-openjdk/jre/lib/amd64/libnio.so
7f0ef4770000-7f0ef4785000 r-xp 00000000 08:05 546985                     /usr/lib/jvm/java-6-openjdk/jre/lib/amd64/libnet.so
7f0ef4785000-7f0ef4984000 ---p 00015000 08:05 546985                     /usr/lib/jvm/java-6-openjdk/jre/lib/amd64/libnet.so
7f0ef4984000-7f0ef4985000 r--p 00014000 08:05 546985                     /usr/lib/jvm/java-6-openjdk/jre/lib/amd64/libnet.so
7f0ef4985000-7f0ef4986000 rw-p 00015000 08:05 546985                     /usr/lib/jvm/java-6-openjdk/jre/lib/amd64/libnet.so
7f0ef4986000-7f0ef498a000 r--s 00027000 08:05 413937                     /home/gaul/bin/play-1.2.2/framework/lib/gson-1.7.1.jar
7f0ef498a000-7f0ef498c000 r--s 00008000 08:05 413969                     /home/gaul/bin/play-1.2.2/framework/lib/signpost-core-1.2.jar
7f0ef498c000-7f0ef49e0000 r--s 00516000 08:05 413936                     /home/gaul/bin/play-1.2.2/framework/lib/groovy-all-1.7.7.jar
7f0ef49e0000-7f0ef49e6000 r--s 00034000 08:05 413960                     /home/gaul/bin/play-1.2.2/framework/lib/junit-4.8.1.jar
7f0ef49e6000-7f0ef49f1000 r--s 0005a000 08:05 413973                     /home/gaul/bin/play-1.2.2/framework/lib/xstream-1.3.jar
7f0ef49f1000-7f0ef4a00000 r--s 000b2000 08:05 413966                     /home/gaul/bin/play-1.2.2/framework/lib/netty-3.2.4.Final.jar
7f0ef4a00000-7f0ef4a06000 r--s 00038000 08:05 413972                     /home/gaul/bin/play-1.2.2/framework/lib/snakeyaml-1.7.jar
7f0ef4a06000-7f0ef4a15000 r--s 00074000 08:05 413956                     /home/gaul/bin/play-1.2.2/framework/lib/joda-time-1.6.jar
7f0ef4a15000-7f0ef4a17000 r--s 00001000 08:05 413958                     /home/gaul/bin/play-1.2.2/framework/lib/jsr107cache-1.0.jar
7f0ef4a17000-7f0ef4a19000 r--s 00015000 08:05 413953                     /home/gaul/bin/play-1.2.2/framework/lib/jj-simplecaptcha.jar
7f0ef4a19000-7f0ef4a1e000 r--s 00037000 08:05 413964                     /home/gaul/bin/play-1.2.2/framework/lib/memcached-2.4.2.jar
7f0ef4a1e000-7f0ef4a25000 r--s 0006a000 08:05 413963                     /home/gaul/bin/play-1.2.2/framework/lib/mail-1.4.3.jar
7f0ef4a25000-7f0ef4a27000 r--s 0000d000 08:05 413927                     /home/gaul/bin/play-1.2.2/framework/lib/commons-fileupload-1.2.2.jar
7f0ef4a27000-7f0ef4a2a000 r--s 00011000 08:05 413934                     /home/gaul/bin/play-1.2.2/framework/lib/ezmorph-1.0.3.jar
7f0ef4a2a000-7f0ef4a30000 r--s 00067000 08:05 413917                     /home/gaul/bin/play-1.2.2/framework/lib/antlr-2.7.6.jar
7f0ef4a30000-7f0ef4a35000 r--s 00014000 08:05 413946                     /home/gaul/bin/play-1.2.2/framework/lib/hibernate-jpa-2.0-api-1.0.0.Final.jar
7f0ef4a35000-7f0ef4a37000 r--s 0000b000 08:05 413954                     /home/gaul/bin/play-1.2.2/framework/lib/jj-textile.jar
7f0ef4a37000-7f0ef4a3c000 r--s 00020000 08:05 413952                     /home/gaul/bin/play-1.2.2/framework/lib/jj-imaging.jar
7f0ef4a3c000-7f0ef4a47000 r--s 00124000 08:05 413938                     /home/gaul/bin/play-1.2.2/framework/lib/h2-1.3.149.jar
7f0ef4a47000-7f0ef4a56000 r--s 000d9000 08:05 413947                     /home/gaul/bin/play-1.2.2/framework/lib/ivy-2.2.0.jar
7f0ef4a56000-7f0ef4a58000 r--s 0000d000 08:05 413931                     /home/gaul/bin/play-1.2.2/framework/lib/commons-logging-1.1.1.jar
7f0ef4a58000-7f0ef4a5b000 r--s 0000f000 08:05 413940                     /home/gaul/bin/play-1.2.2/framework/lib/hibernate-commons-annotations-3.2.0.Final.jar
7f0ef4a5b000-7f0ef4a5c000 r--s 00002000 08:05 413971                     /home/gaul/bin/play-1.2.2/framework/lib/slf4j-log4j12-1.6.1.jar
7f0ef4a5c000-7f0ef4a5e000 r--s 0000d000 08:05 413924                     /home/gaul/bin/play-1.2.2/framework/lib/commons-codec-1.4.jar
7f0ef4a5e000-7f0ef4a87000 r--s 00403000 08:05 413967                     /home/gaul/bin/play-1.2.2/framework/lib/org.eclipse.jdt.core-3.6.0.jar
7f0ef4a87000-7f0ef4a8c000 r--s 00034000 08:05 413923                     /home/gaul/bin/play-1.2.2/framework/lib/commons-beanutils-1.8.3.jar
7f0ef4a8c000-7f0ef4a8d000 r--s 00007000 08:05 413926                     /home/gaul/bin/play-1.2.2/framework/lib/commons-email-1.2.jar
7f0ef4a8d000-7f0ef4a95000 r--s 0008a000 08:05 413949                     /home/gaul/bin/play-1.2.2/framework/lib/javassist-3.9.0.GA.jar
7f0ef4a95000-7f0ef4ac7000 r--s 002c7000 08:05 413942                     /home/gaul/bin/play-1.2.2/framework/lib/hibernate-core-3.6.1.Final.jar
7f0ef4ac7000-7f0ef4ace000 r--s 00038000 08:05 413955                     /home/gaul/bin/play-1.2.2/framework/lib/jj-wikitext.jar
7f0ef4ace000-7f0ef4ad1000 r--s 00024000 08:05 413928                     /home/gaul/bin/play-1.2.2/framework/lib/commons-io-2.0.1.jar
7f0ef4ad1000-7f0ef4ad3000 r--s 00005000 08:05 413970                     /home/gaul/bin/play-1.2.2/framework/lib/slf4j-api-1.6.1.jar
7f0ef4ad3000-7f0ef4ad5000 r--s 0000c000 08:05 413916                     /home/gaul/bin/play-1.2.2/framework/lib/activation-1.1.1.jar
7f0ef4ad5000-7f0ef4afa000 r--s 00172000 08:05 413920                     /home/gaul/bin/play-1.2.2/framework/lib/bcprov-jdk15-1.45.jar
7f0ef4afa000-7f0ef4b01000 r--s 00059000 08:05 413962                     /home/gaul/bin/play-1.2.2/framework/lib/log4j-1.2.15.jar
7f0ef4b01000-7f0ef4b03000 r--s 00015000 08:05 413957                     /home/gaul/bin/play-1.2.2/framework/lib/jregex-1.2_01.jar
7f0ef4b03000-7f0ef4b08000 r--s 00041000 08:05 413930                     /home/gaul/bin/play-1.2.2/framework/lib/commons-lang-2.6.jar
7f0ef4b08000-7f0ef4b09000 r--s 00000000 08:05 413950                     /home/gaul/bin/play-1.2.2/framework/lib/javax.inject-1.0.jar
7f0ef4b09000-7f0ef4b0b000 r--s 00002000 08:05 413959                     /home/gaul/bin/play-1.2.2/framework/lib/jta-1.1.jar
7f0ef4b0b000-7f0ef4b12000 r--s 000b7000 08:05 413965                     /home/gaul/bin/play-1.2.2/framework/lib/mysql-connector-java-5.1.13.jar
7f0ef4b12000-7f0ef4b18000 r--s 00049000 08:05 413922                     /home/gaul/bin/play-1.2.2/framework/lib/cglib-nodep-2.2.jar
7f0ef4b18000-7f0ef4b1d000 r--s 0002e000 08:05 413918                     /home/gaul/bin/play-1.2.2/framework/lib/asm-all-3.3.1.jar
7f0ef4b1d000-7f0ef4b2b000 r--s 0007f000 08:05 413925                     /home/gaul/bin/play-1.2.2/framework/lib/commons-collections-3.2.1.jar
7f0ef4b2b000-7f0ef4b34000 r--s 0005d000 08:05 413944                     /home/gaul/bin/play-1.2.2/framework/lib/hibernate-entitymanager-3.6.0.Final.jar
7f0ef4b34000-7f0ef4b37000 r--s 00022000 08:05 413948                     /home/gaul/bin/play-1.2.2/framework/lib/jamon-2.7.jar
7f0ef4b37000-7f0ef4b41000 r--s 0006f000 08:05 413933                     /home/gaul/bin/play-1.2.2/framework/lib/ehcache-core-2.0.0.jar
7f0ef4b41000-7f0ef4b4c000 r--s 0008b000 08:05 413921                     /home/gaul/bin/play-1.2.2/framework/lib/c3p0-0.9.1.2.jar
7f0ef4b4c000-7f0ef4b52000 r--s 00049000 08:05 413919                     /home/gaul/bin/play-1.2.2/framework/lib/async-http-client-1.6.3.jar
7f0ef4b52000-7f0ef4b59000 r--s 00049000 08:05 413968                     /home/gaul/bin/play-1.2.2/framework/lib/oval-1.50.jar
7f0ef4b59000-7f0ef4b5b000 r--s 0000e000 08:05 413929                     /home/gaul/bin/play-1.2.2/framework/lib/commons-javaflow-1066591.jar
7f0ef4b5b000-7f0ef4b61000 r--s 00032000 08:05 413951                     /home/gaul/bin/play-1.2.2/framework/lib/jaxen-1.1.jar
7f0ef4b61000-7f0ef4b64000 r--s 0000f000 08:05 413935                     /home/gaul/bin/play-1.2.2/framework/lib/geronimo-servlet_2.5_spec-1.2.jar
7f0ef4b64000-7f0ef4b69000 r--s 00048000 08:05 413932                     /home/gaul/bin/play-1.2.2/framework/lib/dom4j-1.6.1.jar
7f0ef4b69000-7f0ef4b6a000 ---p 00000000 00:00 0 
7f0ef4b6a000-7f0ef4c6a000 rw-p 00000000 00:00 0 
7f0ef4c6a000-7f0ef4c6d000 ---p 00000000 00:00 0 
7f0ef4c6d000-7f0ef4d6b000 rw-p 00000000 00:00 0 
7f0ef4d6b000-7f0ef4d6e000 ---p 00000000 00:00 0 
7f0ef4d6e000-7f0ef4e6c000 rw-p 00000000 00:00 0 
7f0ef4e6c000-7f0ef4e6f000 ---p 00000000 00:00 0 
7f0ef4e6f000-7f0ef4f6d000 rw-p 00000000 00:00 0 
7f0ef4f6d000-7f0ef4f70000 ---p 00000000 00:00 0 
7f0ef4f70000-7f0ef506e000 rw-p 00000000 00:00 0 
7f0ef506e000-7f0ef5071000 ---p 00000000 00:00 0 
7f0ef5071000-7f0ef516f000 rw-p 00000000 00:00 0 
7f0ef516f000-7f0ef5173000 r-xp 00000000 08:05 546974                     /usr/lib/jvm/java-6-openjdk/jre/lib/amd64/libdt_socket.so
7f0ef5173000-7f0ef5372000 ---p 00004000 08:05 546974                     /usr/lib/jvm/java-6-openjdk/jre/lib/amd64/libdt_socket.so
7f0ef5372000-7f0ef5373000 r--p 00003000 08:05 546974                     /usr/lib/jvm/java-6-openjdk/jre/lib/amd64/libdt_socket.so
7f0ef5373000-7f0ef5374000 rw-p 00004000 08:05 546974                     /usr/lib/jvm/java-6-openjdk/jre/lib/amd64/libdt_socket.so
7f0ef5374000-7f0ef5378000 r--s 0007c000 08:05 532997                     /usr/lib/jvm/java-6-openjdk/jre/lib/jsse.jar
7f0ef5378000-7f0ef5384000 r--s 000b7000 08:05 413976                     /home/gaul/bin/play-1.2.2/framework/play-1.2.2.jar
7f0ef5384000-7f0ef538c000 r--s 00066000 08:05 794943                     /usr/share/java/gnome-java-bridge.jar
7f0ef538c000-7f0ef538f000 ---p 00000000 00:00 0 
7f0ef538f000-7f0ef548d000 rw-p 00000000 00:00 0 
7f0ef548d000-7f0ef5490000 ---p 00000000 00:00 0 
7f0ef5490000-7f0ef558e000 rw-p 00000000 00:00 0 
7f0ef558e000-7f0ef5591000 ---p 00000000 00:00 0 
7f0ef5591000-7f0ef568f000 rw-p 00000000 00:00 0 
7f0ef568f000-7f0ef5690000 ---p 00000000 00:00 0 
7f0ef5690000-7f0ef57c3000 rw-p 00000000 00:00 0 
7f0ef57c3000-7f0ef5953000 r--s 037af000 08:05 547015                     /usr/lib/jvm/java-6-openjdk/jre/lib/rt.jar
7f0ef5953000-7f0ef596d000 rw-p 00000000 00:00 0 
7f0ef596d000-7f0ef59a7000 rw-p 00000000 00:00 0 
7f0ef59a7000-7f0ef59ae000 rw-p 00000000 00:00 0 
7f0ef59ae000-7f0ef5a4e000 rw-p 00000000 00:00 0 
7f0ef5a4e000-7f0ef5a52000 rw-p 00000000 00:00 0 
7f0ef5a52000-7f0ef5aa1000 rw-p 00000000 00:00 0 
7f0ef5aa1000-7f0ef5aa8000 rw-p 00000000 00:00 0 
7f0ef5aa8000-7f0ef5b48000 rw-p 00000000 00:00 0 
7f0ef5b48000-7f0ef5b62000 rw-p 00000000 00:00 0 
7f0ef5b62000-7f0ef5b9b000 rw-p 00000000 00:00 0 
7f0ef5b9b000-7f0ef5b9c000 rw-p 00000000 00:00 0 
7f0ef5b9c000-7f0ef615c000 rwxp 00000000 00:00 0 
7f0ef615c000-7f0ef8b9c000 rw-p 00000000 00:00 0 
7f0ef8b9c000-7f0ef8ba3000 r-xp 00000000 08:05 546999                     /usr/lib/jvm/java-6-openjdk/jre/lib/amd64/libzip.so
7f0ef8ba3000-7f0ef8da2000 ---p 00007000 08:05 546999                     /usr/lib/jvm/java-6-openjdk/jre/lib/amd64/libzip.so
7f0ef8da2000-7f0ef8da3000 r--p 00006000 08:05 546999                     /usr/lib/jvm/java-6-openjdk/jre/lib/amd64/libzip.so
7f0ef8da3000-7f0ef8da4000 rw-p 00007000 08:05 546999                     /usr/lib/jvm/java-6-openjdk/jre/lib/amd64/libzip.so
7f0ef8da4000-7f0ef8db0000 r-xp 00000000 08:05 267190                     /lib/x86_64-linux-gnu/libnss_files-2.13.so
7f0ef8db0000-7f0ef8faf000 ---p 0000c000 08:05 267190                     /lib/x86_64-linux-gnu/libnss_files-2.13.so
7f0ef8faf000-7f0ef8fb0000 r--p 0000b000 08:05 267190                     /lib/x86_64-linux-gnu/libnss_files-2.13.so
7f0ef8fb0000-7f0ef8fb1000 rw-p 0000c000 08:05 267190                     /lib/x86_64-linux-gnu/libnss_files-2.13.so
7f0ef8fb1000-7f0ef8fbc000 r-xp 00000000 08:05 267194                     /lib/x86_64-linux-gnu/libnss_nis-2.13.so
7f0ef8fbc000-7f0ef91bb000 ---p 0000b000 08:05 267194                     /lib/x86_64-linux-gnu/libnss_nis-2.13.so
7f0ef91bb000-7f0ef91bc000 r--p 0000a000 08:05 267194                     /lib/x86_64-linux-gnu/libnss_nis-2.13.so
7f0ef91bc000-7f0ef91bd000 rw-p 0000b000 08:05 267194                     /lib/x86_64-linux-gnu/libnss_nis-2.13.so
7f0ef91bd000-7f0ef91c5000 r-xp 00000000 08:05 267186                     /lib/x86_64-linux-gnu/libnss_compat-2.13.so
7f0ef91c5000-7f0ef93c4000 ---p 00008000 08:05 267186                     /lib/x86_64-linux-gnu/libnss_compat-2.13.so
7f0ef93c4000-7f0ef93c5000 r--p 00007000 08:05 267186                     /lib/x86_64-linux-gnu/libnss_compat-2.13.so
7f0ef93c5000-7f0ef93c6000 rw-p 00008000 08:05 267186                     /lib/x86_64-linux-gnu/libnss_compat-2.13.so
7f0ef93c6000-7f0ef9a50000 r--p 00000000 08:05 532238                     /usr/lib/locale/locale-archive
7f0ef9a50000-7f0ef9a53000 r-xp 00000000 08:05 546991                     /usr/lib/jvm/java-6-openjdk/jre/lib/amd64/libnpt.so
7f0ef9a53000-7f0ef9c52000 ---p 00003000 08:05 546991                     /usr/lib/jvm/java-6-openjdk/jre/lib/amd64/libnpt.so
7f0ef9c52000-7f0ef9c53000 r--p 00002000 08:05 546991                     /usr/lib/jvm/java-6-openjdk/jre/lib/amd64/libnpt.so
7f0ef9c53000-7f0ef9c54000 rw-p 00003000 08:05 546991                     /usr/lib/jvm/java-6-openjdk/jre/lib/amd64/libnpt.so
7f0ef9c54000-7f0ef9c5e000 r-xp 00000000 08:05 546994                     /usr/lib/jvm/java-6-openjdk/jre/lib/amd64/libinstrument.so
7f0ef9c5e000-7f0ef9e5d000 ---p 0000a000 08:05 546994                     /usr/lib/jvm/java-6-openjdk/jre/lib/amd64/libinstrument.so
7f0ef9e5d000-7f0ef9e5e000 r--p 00009000 08:05 546994                     /usr/lib/jvm/java-6-openjdk/jre/lib/amd64/libinstrument.so
7f0ef9e5e000-7f0ef9e5f000 rw-p 0000a000 08:05 546994                     /usr/lib/jvm/java-6-openjdk/jre/lib/amd64/libinstrument.so
7f0ef9e5f000-7f0ef9e99000 r-xp 00000000 08:05 546990                     /usr/lib/jvm/java-6-openjdk/jre/lib/amd64/libjdwp.so
7f0ef9e99000-7f0efa098000 ---p 0003a000 08:05 546990                     /usr/lib/jvm/java-6-openjdk/jre/lib/amd64/libjdwp.so
7f0efa098000-7f0efa099000 r--p 00039000 08:05 546990                     /usr/lib/jvm/java-6-openjdk/jre/lib/amd64/libjdwp.so
7f0efa099000-7f0efa09a000 rw-p 0003a000 08:05 546990                     /usr/lib/jvm/java-6-openjdk/jre/lib/amd64/libjdwp.so
7f0efa09a000-7f0efa0b1000 r-xp 00000000 08:05 267184                     /lib/x86_64-linux-gnu/libnsl-2.13.so
7f0efa0b1000-7f0efa2b0000 ---p 00017000 08:05 267184                     /lib/x86_64-linux-gnu/libnsl-2.13.so
7f0efa2b0000-7f0efa2b1000 r--p 00016000 08:05 267184                     /lib/x86_64-linux-gnu/libnsl-2.13.so
7f0efa2b1000-7f0efa2b2000 rw-p 00017000 08:05 267184                     /lib/x86_64-linux-gnu/libnsl-2.13.so
7f0efa2b2000-7f0efa2b4000 rw-p 00000000 00:00 0 
7f0efa2b4000-7f0efa2e0000 r-xp 00000000 08:05 546998                     /usr/lib/jvm/java-6-openjdk/jre/lib/amd64/libjava.so
7f0efa2e0000-7f0efa4df000 ---p 0002c000 08:05 546998                     /usr/lib/jvm/java-6-openjdk/jre/lib/amd64/libjava.so
7f0efa4df000-7f0efa4e0000 r--p 0002b000 08:05 546998                     /usr/lib/jvm/java-6-openjdk/jre/lib/amd64/libjava.so
7f0efa4e0000-7f0efa4e3000 rw-p 0002c000 08:05 546998                     /usr/lib/jvm/java-6-openjdk/jre/lib/amd64/libjava.so
7f0efa4e3000-7f0efa4f1000 r-xp 00000000 08:05 546984                     /usr/lib/jvm/java-6-openjdk/jre/lib/amd64/libverify.so
7f0efa4f1000-7f0efa6f0000 ---p 0000e000 08:05 546984                     /usr/lib/jvm/java-6-openjdk/jre/lib/amd64/libverify.so
7f0efa6f0000-7f0efa6f2000 r--p 0000d000 08:05 546984                     /usr/lib/jvm/java-6-openjdk/jre/lib/amd64/libverify.so
7f0efa6f2000-7f0efa6f3000 rw-p 0000f000 08:05 546984                     /usr/lib/jvm/java-6-openjdk/jre/lib/amd64/libverify.so
7f0efa6f3000-7f0efa6fa000 r-xp 00000000 08:05 267213                     /lib/x86_64-linux-gnu/librt-2.13.so
7f0efa6fa000-7f0efa8f9000 ---p 00007000 08:05 267213                     /lib/x86_64-linux-gnu/librt-2.13.so
7f0efa8f9000-7f0efa8fa000 r--p 00006000 08:05 267213                     /lib/x86_64-linux-gnu/librt-2.13.so
7f0efa8fa000-7f0efa8fb000 rw-p 00007000 08:05 267213                     /lib/x86_64-linux-gnu/librt-2.13.so
7f0efa8fb000-7f0efa910000 r-xp 00000000 08:05 267172                     /lib/x86_64-linux-gnu/libgcc_s.so.1
7f0efa910000-7f0efab0f000 ---p 00015000 08:05 267172                     /lib/x86_64-linux-gnu/libgcc_s.so.1
7f0efab0f000-7f0efab10000 r--p 00014000 08:05 267172                     /lib/x86_64-linux-gnu/libgcc_s.so.1
7f0efab10000-7f0efab11000 rw-p 00015000 08:05 267172                     /lib/x86_64-linux-gnu/libgcc_s.so.1
7f0efab11000-7f0efab95000 r-xp 00000000 08:05 267181                     /lib/x86_64-linux-gnu/libm-2.13.so
7f0efab95000-7f0efad94000 ---p 00084000 08:05 267181                     /lib/x86_64-linux-gnu/libm-2.13.so
7f0efad94000-7f0efad95000 r--p 00083000 08:05 267181                     /lib/x86_64-linux-gnu/libm-2.13.so
7f0efad95000-7f0efad96000 rw-p 00084000 08:05 267181                     /lib/x86_64-linux-gnu/libm-2.13.so
7f0efad96000-7f0efae7e000 r-xp 00000000 08:05 534961                     /usr/lib/x86_64-linux-gnu/libstdc++.so.6.0.14
7f0efae7e000-7f0efb07d000 ---p 000e8000 08:05 534961                     /usr/lib/x86_64-linux-gnu/libstdc++.so.6.0.14
7f0efb07d000-7f0efb085000 r--p 000e7000 08:05 534961                     /usr/lib/x86_64-linux-gnu/libstdc++.so.6.0.14
7f0efb085000-7f0efb087000 rw-p 000ef000 08:05 534961                     /usr/lib/x86_64-linux-gnu/libstdc++.so.6.0.14
7f0efb087000-7f0efb09c000 rw-p 00000000 00:00 0 
7f0efb09c000-7f0efb9f1000 r-xp 00000000 08:05 547002                     /usr/lib/jvm/java-6-openjdk/jre/lib/amd64/server/libjvm.so
7f0efb9f1000-7f0efbbf0000 ---p 00955000 08:05 547002                     /usr/lib/jvm/java-6-openjdk/jre/lib/amd64/server/libjvm.so
7f0efbbf0000-7f0efbc71000 r--p 00954000 08:05 547002                     /usr/lib/jvm/java-6-openjdk/jre/lib/amd64/server/libjvm.so
7f0efbc71000-7f0efbc8c000 rw-p 009d5000 08:05 547002                     /usr/lib/jvm/java-6-openjdk/jre/lib/amd64/server/libjvm.so
7f0efbc8c000-7f0efbcb5000 rw-p 00000000 00:00 0 
7f0efbcb5000-7f0efbe3f000 r-xp 00000000 08:05 267144                     /lib/x86_64-linux-gnu/libc-2.13.so
7f0efbe3f000-7f0efc03e000 ---p 0018a000 08:05 267144                     /lib/x86_64-linux-gnu/libc-2.13.so
7f0efc03e000-7f0efc042000 r--p 00189000 08:05 267144                     /lib/x86_64-linux-gnu/libc-2.13.so
7f0efc042000-7f0efc043000 rw-p 0018d000 08:05 267144                     /lib/x86_64-linux-gnu/libc-2.13.so
7f0efc043000-7f0efc049000 rw-p 00000000 00:00 0 
7f0efc049000-7f0efc04b000 r-xp 00000000 08:05 267154                     /lib/x86_64-linux-gnu/libdl-2.13.so
7f0efc04b000-7f0efc24b000 ---p 00002000 08:05 267154                     /lib/x86_64-linux-gnu/libdl-2.13.so
7f0efc24b000-7f0efc24c000 r--p 00002000 08:05 267154                     /lib/x86_64-linux-gnu/libdl-2.13.so
7f0efc24c000-7f0efc24d000 rw-p 00003000 08:05 267154                     /lib/x86_64-linux-gnu/libdl-2.13.so
7f0efc24d000-7f0efc251000 r-xp 00000000 08:05 546982                     /usr/lib/jvm/java-6-openjdk/jre/lib/amd64/jli/libjli.so
7f0efc251000-7f0efc450000 ---p 00004000 08:05 546982                     /usr/lib/jvm/java-6-openjdk/jre/lib/amd64/jli/libjli.so
7f0efc450000-7f0efc451000 r--p 00003000 08:05 546982                     /usr/lib/jvm/java-6-openjdk/jre/lib/amd64/jli/libjli.so
7f0efc451000-7f0efc452000 rw-p 00004000 08:05 546982                     /usr/lib/jvm/java-6-openjdk/jre/lib/amd64/jli/libjli.so
7f0efc452000-7f0efc46a000 r-xp 00000000 08:05 267209                     /lib/x86_64-linux-gnu/libpthread-2.13.so
7f0efc46a000-7f0efc66a000 ---p 00018000 08:05 267209                     /lib/x86_64-linux-gnu/libpthread-2.13.so
7f0efc66a000-7f0efc66b000 r--p 00018000 08:05 267209                     /lib/x86_64-linux-gnu/libpthread-2.13.so
7f0efc66b000-7f0efc66c000 rw-p 00019000 08:05 267209                     /lib/x86_64-linux-gnu/libpthread-2.13.so
7f0efc66c000-7f0efc670000 rw-p 00000000 00:00 0 
7f0efc670000-7f0efc687000 r-xp 00000000 08:05 267227                     /lib/x86_64-linux-gnu/libz.so.1.2.3.4
7f0efc687000-7f0efc886000 ---p 00017000 08:05 267227                     /lib/x86_64-linux-gnu/libz.so.1.2.3.4
7f0efc886000-7f0efc887000 r--p 00016000 08:05 267227                     /lib/x86_64-linux-gnu/libz.so.1.2.3.4
7f0efc887000-7f0efc888000 rw-p 00017000 08:05 267227                     /lib/x86_64-linux-gnu/libz.so.1.2.3.4
7f0efc888000-7f0efc8a9000 r-xp 00000000 08:05 267131                     /lib/x86_64-linux-gnu/ld-2.13.so
7f0efc8a9000-7f0efc8aa000 r--s 00001000 08:05 162843                     /home/gaul/bin/play-1.2.2/modules/testrunner/lib/play-testrunner.jar
7f0efc8aa000-7f0efc8e9000 rw-p 00000000 00:00 0 
7f0efc8e9000-7f0efc992000 rw-p 00000000 00:00 0 
7f0efc992000-7f0efc995000 ---p 00000000 00:00 0 
7f0efc995000-7f0efca99000 rw-p 00000000 00:00 0 
7f0efca99000-7f0efca9c000 r--s 0000f000 08:05 535621                     /usr/lib/jvm/java-6-openjdk/jre/lib/ext/pulse-java.jar
7f0efca9c000-7f0efcaa4000 rw-s 00000000 08:05 673670                     /tmp/hsperfdata_gaul/15082
7f0efcaa4000-7f0efcaa5000 rw-p 00000000 00:00 0 
7f0efcaa5000-7f0efcaa6000 r--p 00000000 00:00 0 
7f0efcaa6000-7f0efcaa8000 rw-p 00000000 00:00 0 
7f0efcaa8000-7f0efcaa9000 r--p 00020000 08:05 267131                     /lib/x86_64-linux-gnu/ld-2.13.so
7f0efcaa9000-7f0efcaab000 rw-p 00021000 08:05 267131                     /lib/x86_64-linux-gnu/ld-2.13.so
7fff8033f000-7fff80361000 rw-p 00000000 00:00 0                          [stack]
7fff803ff000-7fff80400000 r-xp 00000000 00:00 0                          [vdso]
ffffffffff600000-ffffffffff601000 r-xp 00000000 00:00 0                  [vsyscall]

VM Arguments:
jvm_args: -javaagent:/home/gaul/bin/play-1.2.2/framework/play-1.2.2.jar -Dfile.encoding=utf-8 -Xdebug -Xrunjdwp:transport=dt_socket,address=8000,server=y,suspend=n -Dplay.debug=yes -Dapplication.path=/home/gaul/workspace/simple -Dplay.id=test 
java_command: play.server.Server 
Launcher Type: SUN_STANDARD

Environment Variables:
PATH=/home/gaul/bin:/usr/local/sbin:/usr/local/bin:/usr/sbin:/usr/bin:/sbin:/bin:/usr/games:/home/gaul/bin/play-1.2.2
USERNAME=gaul
LD_LIBRARY_PATH=/usr/lib/jvm/java-6-openjdk/jre/lib/amd64/server:/usr/lib/jvm/java-6-openjdk/jre/lib/amd64:/usr/lib/jvm/java-6-openjdk/jre/../lib/amd64
SHELL=/bin/bash
DISPLAY=:0

Signal Handlers:
SIGSEGV: [libjvm.so+0x7d0f60], sa_mask[0]=0x7ffbfeff, sa_flags=0x10000004
SIGBUS: [libjvm.so+0x7d0f60], sa_mask[0]=0x7ffbfeff, sa_flags=0x10000004
SIGFPE: [libjvm.so+0x683760], sa_mask[0]=0x7ffbfeff, sa_flags=0x10000004
SIGPIPE: [libjvm.so+0x683760], sa_mask[0]=0x7ffbfeff, sa_flags=0x10000004
SIGXFSZ: [libjvm.so+0x683760], sa_mask[0]=0x7ffbfeff, sa_flags=0x10000004
SIGILL: [libjvm.so+0x683760], sa_mask[0]=0x7ffbfeff, sa_flags=0x10000004
SIGUSR1: SIG_DFL, sa_mask[0]=0x00000000, sa_flags=0x00000000
SIGUSR2: [libjvm.so+0x683930], sa_mask[0]=0x00000000, sa_flags=0x10000004
SIGHUP: [libjvm.so+0x6862d0], sa_mask[0]=0x7ffbfeff, sa_flags=0x10000004
SIGINT: [libjvm.so+0x6862d0], sa_mask[0]=0x7ffbfeff, sa_flags=0x10000004
SIGTERM: [libjvm.so+0x6862d0], sa_mask[0]=0x7ffbfeff, sa_flags=0x10000004
SIGQUIT: [libjvm.so+0x6862d0], sa_mask[0]=0x7ffbfeff, sa_flags=0x10000004


---------------  S Y S T E M  ---------------

OS:Ubuntu 11.04 (natty)
uname:Linux 2.6.38-10-generic #46-Ubuntu SMP Tue Jun 28 15:07:17 UTC 2011 x86_64
libc:glibc 2.13 NPTL 2.13 
rlimit: STACK 8192k, CORE 0k, NPROC infinity, NOFILE 4096, AS infinity
load average:0.19 0.09 0.06

/proc/meminfo:
MemTotal:        1022640 kB
MemFree:           10060 kB
Buffers:            9988 kB
Cached:            86904 kB
SwapCached:        80120 kB
Active:           453260 kB
Inactive:         454528 kB
Active(anon):     406760 kB
Inactive(anon):   407024 kB
Active(file):      46500 kB
Inactive(file):    47504 kB
Unevictable:           0 kB
Mlocked:               0 kB
SwapTotal:       1998844 kB
SwapFree:        1567028 kB
Dirty:               376 kB
Writeback:           100 kB
AnonPages:        763948 kB
Mapped:            35952 kB
Shmem:              2780 kB
Slab:              41204 kB
SReclaimable:      24948 kB
SUnreclaim:        16256 kB
KernelStack:        2840 kB
PageTables:        21328 kB
NFS_Unstable:          0 kB
Bounce:                0 kB
WritebackTmp:          0 kB
CommitLimit:     2510164 kB
Committed_AS:    2262700 kB
VmallocTotal:   34359738367 kB
VmallocUsed:       35692 kB
VmallocChunk:   34359699640 kB
HardwareCorrupted:     0 kB
HugePages_Total:       0
HugePages_Free:        0
HugePages_Rsvd:        0
HugePages_Surp:        0
Hugepagesize:       2048 kB
DirectMap4k:       88000 kB
DirectMap2M:      960512 kB


CPU:total 2 (2 cores per cpu, 1 threads per core) family 16 model 5 stepping 2, cmov, cx8, fxsr, mmx, sse, sse2, sse3, 3dnow, 3dnowext

Memory: 4k page, physical 1022640k(10060k free), swap 1998844k(1567028k free)

vm_info: OpenJDK 64-Bit Server VM (20.0-b11) for linux-amd64 JRE (1.6.0_22-b22), built on Jun 11 2011 05:56:16 by "buildd" with gcc 4.5.2

time: Mon Sep  5 13:15:03 2011
elapsed time: 73984 seconds

